#! /c/Source/iverilog-install/bin/vvp
:ivl_version "12.0 (devel)" "(s20150603-1110-g18392a46)";
:ivl_delay_selection "TYPICAL";
:vpi_time_precision + 0;
:vpi_module "C:\iverilog\lib\ivl\system.vpi";
:vpi_module "C:\iverilog\lib\ivl\vhdl_sys.vpi";
:vpi_module "C:\iverilog\lib\ivl\vhdl_textio.vpi";
:vpi_module "C:\iverilog\lib\ivl\v2005_math.vpi";
:vpi_module "C:\iverilog\lib\ivl\va_math.vpi";
S_00000168455b2720 .scope module, "Decrypter" "Decrypter" 2 1;
 .timescale 0 0;
v000001684564dad0_0 .var/i "c", 31 0;
v000001684564db70 .array/s "decrypted_matrix", 2001 0, 24 0;
v000001684564dc10_0 .var/i "determinant", 31 0;
v000001684564dcb0 .array "encrypted_matrix", 2001 0, 14 0;
v000001684564dd50_0 .var/i "f_ptr", 31 0;
v000001684564ddf0_0 .var/i "f_ptr1", 31 0;
v000001684564de90_0 .var/i "i", 31 0;
v000001684564df30 .array/s "inverse", 3 0, 7 0;
v000001684564e480_0 .var/i "len", 31 0;
v000001684564ee80_0 .var/i "temp", 31 0;
v000001684564ef20_0 .var/i "w_ptr", 31 0;
S_00000168455b28b0 .scope begin, "$ivl_for_loop0" "$ivl_for_loop0" 2 34, 2 34 0, S_00000168455b2720;
 .timescale 0 0;
v00000168455b3160_0 .var/i "i", 31 0;
S_00000168455b2a40 .scope begin, "$ivl_for_loop1" "$ivl_for_loop1" 2 35, 2 35 0, S_00000168455b28b0;
 .timescale 0 0;
v00000168455b32e0_0 .var/i "j", 31 0;
S_00000168455e46a0 .scope begin, "$ivl_for_loop2" "$ivl_for_loop2" 2 44, 2 44 0, S_00000168455b2720;
 .timescale 0 0;
v00000168456ab900_0 .var/i "i", 31 0;
S_000001684564d3f0 .scope begin, "$ivl_for_loop3" "$ivl_for_loop3" 2 45, 2 45 0, S_00000168455e46a0;
 .timescale 0 0;
v00000168455da490_0 .var/i "j", 31 0;
S_000001684564d580 .scope begin, "$ivl_for_loop4" "$ivl_for_loop4" 2 68, 2 68 0, S_00000168455b2720;
 .timescale 0 0;
v00000168455b2fc0_0 .var/i "j", 31 0;
S_000001684564d710 .scope begin, "$ivl_for_loop5" "$ivl_for_loop5" 2 85, 2 85 0, S_00000168455b2720;
 .timescale 0 0;
v000001684564da30_0 .var/i "h", 31 0;
S_000001684564d8a0 .scope begin, "$ivl_for_loop6" "$ivl_for_loop6" 2 86, 2 86 0, S_000001684564d710;
 .timescale 0 0;
v00000168455e4830_0 .var/i "j", 31 0;
    .scope S_00000168455b2720;
T_0 ;
    %pushi/vec4 0, 0, 32;
    %store/vec4 v000001684564de90_0, 0, 32;
    %pushi/vec4 0, 0, 32;
    %store/vec4 v000001684564e480_0, 0, 32;
    %end;
    .thread T_0;
    .scope S_00000168455b2720;
T_1 ;
    %vpi_func 2 24 "$fopen" 32, "./text_files/encryptedmatrix.txt", "r" {0 0 0};
    %store/vec4 v000001684564dd50_0, 0, 32;
    %vpi_func 2 25 "$fopen" 32, "./text_files/password.txt", "r" {0 0 0};
    %store/vec4 v000001684564ddf0_0, 0, 32;
    %vpi_func 2 29 "$fscanf" 32, v000001684564dd50_0, "%d", v000001684564e480_0 {0 0 0};
    %store/vec4 v000001684564dad0_0, 0, 32;
    %fork t_1, S_00000168455b28b0;
    %jmp t_0;
    .scope S_00000168455b28b0;
t_1 ;
    %pushi/vec4 0, 0, 32;
    %store/vec4 v00000168455b3160_0, 0, 32;
T_1.0 ;
    %load/vec4 v00000168455b3160_0;
    %cmpi/s 2, 0, 32;
    %jmp/0xz T_1.1, 5;
    %fork t_3, S_00000168455b2a40;
    %jmp t_2;
    .scope S_00000168455b2a40;
t_3 ;
    %pushi/vec4 0, 0, 32;
    %store/vec4 v00000168455b32e0_0, 0, 32;
T_1.2 ;
    %load/vec4 v00000168455b32e0_0;
    %load/vec4 v000001684564e480_0;
    %pushi/vec4 2, 0, 32;
    %div/s;
    %cmp/s;
    %jmp/0xz T_1.3, 5;
    %vpi_func 2 36 "$fscanf" 32, v000001684564dd50_0, "%d", v000001684564ee80_0 {0 0 0};
    %store/vec4 v000001684564dad0_0, 0, 32;
    %load/vec4 v000001684564ee80_0;
    %pad/s 15;
    %load/vec4 v00000168455b3160_0;
    %pad/s 42;
    %pad/s 52;
    %muli 1001, 0, 52;
    %pad/s 53;
    %load/vec4 v00000168455b32e0_0;
    %pad/s 53;
    %add;
    %ix/vec4/s 4;
    %store/vec4a v000001684564dcb0, 4, 0;
    %load/vec4 v00000168455b32e0_0;
    %addi 1, 0, 32;
    %store/vec4 v00000168455b32e0_0, 0, 32;
    %jmp T_1.2;
T_1.3 ;
    %end;
    .scope S_00000168455b28b0;
t_2 %join;
    %load/vec4 v00000168455b3160_0;
    %addi 1, 0, 32;
    %store/vec4 v00000168455b3160_0, 0, 32;
    %jmp T_1.0;
T_1.1 ;
    %end;
    .scope S_00000168455b2720;
t_0 %join;
    %fork t_5, S_00000168455e46a0;
    %jmp t_4;
    .scope S_00000168455e46a0;
t_5 ;
    %pushi/vec4 0, 0, 32;
    %store/vec4 v00000168456ab900_0, 0, 32;
T_1.4 ;
    %load/vec4 v00000168456ab900_0;
    %cmpi/s 2, 0, 32;
    %jmp/0xz T_1.5, 5;
    %fork t_7, S_000001684564d3f0;
    %jmp t_6;
    .scope S_000001684564d3f0;
t_7 ;
    %pushi/vec4 0, 0, 32;
    %store/vec4 v00000168455da490_0, 0, 32;
T_1.6 ;
    %load/vec4 v00000168455da490_0;
    %cmpi/s 2, 0, 32;
    %jmp/0xz T_1.7, 5;
    %vpi_func 2 46 "$fscanf" 32, v000001684564ddf0_0, "%d", v000001684564ee80_0 {0 0 0};
    %store/vec4 v000001684564dad0_0, 0, 32;
    %load/vec4 v00000168456ab900_0;
    %load/vec4 v00000168455da490_0;
    %cmp/e;
    %jmp/0xz  T_1.8, 4;
    %load/vec4 v000001684564ee80_0;
    %pad/s 8;
    %pushi/vec4 1, 0, 33;
    %load/vec4 v00000168456ab900_0;
    %pad/s 33;
    %sub;
    %pad/s 35;
    %pad/s 36;
    %muli 2, 0, 36;
    %pad/s 37;
    %pushi/vec4 1, 0, 33;
    %load/vec4 v00000168455da490_0;
    %pad/s 33;
    %sub;
    %pad/s 37;
    %add;
    %ix/vec4/s 4;
    %store/vec4a v000001684564df30, 4, 0;
    %jmp T_1.9;
T_1.8 ;
    %load/vec4 v000001684564ee80_0;
    %pad/s 8;
    %load/vec4 v00000168456ab900_0;
    %pad/s 34;
    %pad/s 35;
    %muli 2, 0, 35;
    %pad/s 36;
    %load/vec4 v00000168455da490_0;
    %pad/s 36;
    %add;
    %ix/vec4/s 4;
    %store/vec4a v000001684564df30, 4, 0;
T_1.9 ;
    %load/vec4 v00000168455da490_0;
    %addi 1, 0, 32;
    %store/vec4 v00000168455da490_0, 0, 32;
    %jmp T_1.6;
T_1.7 ;
    %end;
    .scope S_00000168455e46a0;
t_6 %join;
    %load/vec4 v00000168456ab900_0;
    %addi 1, 0, 32;
    %store/vec4 v00000168456ab900_0, 0, 32;
    %jmp T_1.4;
T_1.5 ;
    %end;
    .scope S_00000168455b2720;
t_4 %join;
    %ix/load 4, 0, 0;
    %flag_set/imm 4, 0;
    %load/vec4a v000001684564df30, 4;
    %pad/s 32;
    %ix/load 4, 3, 0;
    %flag_set/imm 4, 0;
    %load/vec4a v000001684564df30, 4;
    %pad/s 32;
    %mul;
    %ix/load 4, 1, 0;
    %flag_set/imm 4, 0;
    %load/vec4a v000001684564df30, 4;
    %pad/s 32;
    %ix/load 4, 2, 0;
    %flag_set/imm 4, 0;
    %load/vec4a v000001684564df30, 4;
    %pad/s 32;
    %mul;
    %sub;
    %store/vec4 v000001684564dc10_0, 0, 32;
    %load/vec4 v000001684564dc10_0;
    %cmpi/s 0, 0, 32;
    %jmp/0xz  T_1.10, 5;
    %load/vec4 v000001684564dc10_0;
    %inv;
    %pushi/vec4 1, 0, 32;
    %add;
    %store/vec4 v000001684564dc10_0, 0, 32;
T_1.10 ;
    %load/vec4 v000001684564dc10_0;
    %cmpi/e 0, 0, 32;
    %jmp/0xz  T_1.12, 4;
    %pushi/vec4 20001, 0, 32;
    %store/vec4 v000001684564dc10_0, 0, 32;
T_1.12 ;
    %vpi_func 2 66 "$fopen" 32, "./text_files/decryptedmatrix.txt", "w" {0 0 0};
    %store/vec4 v000001684564ef20_0, 0, 32;
    %fork t_9, S_000001684564d580;
    %jmp t_8;
    .scope S_000001684564d580;
t_9 ;
    %pushi/vec4 0, 0, 32;
    %store/vec4 v00000168455b2fc0_0, 0, 32;
T_1.14 ;
    %load/vec4 v00000168455b2fc0_0;
    %load/vec4 v000001684564e480_0;
    %pushi/vec4 2, 0, 32;
    %div/s;
    %cmp/s;
    %jmp/0xz T_1.15, 5;
    %ix/load 4, 0, 0;
    %flag_set/imm 4, 0;
    %load/vec4a v000001684564df30, 4;
    %pad/u 32;
    %ix/getv/s 4, v00000168455b2fc0_0;
    %load/vec4a v000001684564dcb0, 4;
    %pad/u 32;
    %mul;
    %ix/load 4, 1, 0;
    %flag_set/imm 4, 0;
    %load/vec4a v000001684564df30, 4;
    %pad/u 32;
    %pushi/vec4 1001, 0, 11;
    %pad/s 12;
    %load/vec4 v00000168455b2fc0_0;
    %pad/s 12;
    %add;
    %ix/vec4/s 4;
    %load/vec4a v000001684564dcb0, 4;
    %pad/u 32;
    %mul;
    %sub;
    %store/vec4 v000001684564ee80_0, 0, 32;
    %load/vec4 v000001684564ee80_0;
    %cmpi/s 0, 0, 32;
    %jmp/0xz  T_1.16, 5;
    %load/vec4 v000001684564ee80_0;
    %inv;
    %pushi/vec4 1, 0, 32;
    %add;
    %store/vec4 v000001684564ee80_0, 0, 32;
T_1.16 ;
    %load/vec4 v000001684564ee80_0;
    %load/vec4 v000001684564dc10_0;
    %div/s;
    %pad/s 25;
    %ix/getv/s 4, v00000168455b2fc0_0;
    %store/vec4a v000001684564db70, 4, 0;
    %ix/load 4, 3, 0;
    %flag_set/imm 4, 0;
    %load/vec4a v000001684564df30, 4;
    %pad/u 32;
    %pushi/vec4 1001, 0, 11;
    %pad/s 12;
    %load/vec4 v00000168455b2fc0_0;
    %pad/s 12;
    %add;
    %ix/vec4/s 4;
    %load/vec4a v000001684564dcb0, 4;
    %pad/u 32;
    %mul;
    %ix/load 4, 2, 0;
    %flag_set/imm 4, 0;
    %load/vec4a v000001684564df30, 4;
    %pad/u 32;
    %ix/getv/s 4, v00000168455b2fc0_0;
    %load/vec4a v000001684564dcb0, 4;
    %pad/u 32;
    %mul;
    %sub;
    %store/vec4 v000001684564ee80_0, 0, 32;
    %load/vec4 v000001684564ee80_0;
    %cmpi/s 0, 0, 32;
    %jmp/0xz  T_1.18, 5;
    %load/vec4 v000001684564ee80_0;
    %inv;
    %pushi/vec4 1, 0, 32;
    %add;
    %store/vec4 v000001684564ee80_0, 0, 32;
T_1.18 ;
    %load/vec4 v000001684564ee80_0;
    %load/vec4 v000001684564dc10_0;
    %div/s;
    %pad/s 25;
    %pushi/vec4 1001, 0, 11;
    %pad/s 12;
    %load/vec4 v00000168455b2fc0_0;
    %pad/s 12;
    %add;
    %ix/vec4/s 4;
    %store/vec4a v000001684564db70, 4, 0;
    %load/vec4 v00000168455b2fc0_0;
    %addi 1, 0, 32;
    %store/vec4 v00000168455b2fc0_0, 0, 32;
    %jmp T_1.14;
T_1.15 ;
    %end;
    .scope S_00000168455b2720;
t_8 %join;
    %fork t_11, S_000001684564d710;
    %jmp t_10;
    .scope S_000001684564d710;
t_11 ;
    %pushi/vec4 0, 0, 32;
    %store/vec4 v000001684564da30_0, 0, 32;
T_1.20 ;
    %load/vec4 v000001684564da30_0;
    %cmpi/s 2, 0, 32;
    %jmp/0xz T_1.21, 5;
    %fork t_13, S_000001684564d8a0;
    %jmp t_12;
    .scope S_000001684564d8a0;
t_13 ;
    %pushi/vec4 0, 0, 32;
    %store/vec4 v00000168455e4830_0, 0, 32;
T_1.22 ;
    %load/vec4 v00000168455e4830_0;
    %load/vec4 v000001684564e480_0;
    %pushi/vec4 2, 0, 32;
    %div/s;
    %cmp/s;
    %jmp/0xz T_1.23, 5;
    %load/vec4 v000001684564da30_0;
    %pad/s 42;
    %pad/s 52;
    %muli 1001, 0, 52;
    %pad/s 53;
    %load/vec4 v00000168455e4830_0;
    %pad/s 53;
    %add;
    %ix/vec4/s 4;
    %load/vec4a v000001684564db70, 4;
    %vpi_call 2 87 "$fdisplay", v000001684564ef20_0, "%0d", S<0,vec4,s25> {1 0 0};
    %load/vec4 v00000168455e4830_0;
    %addi 1, 0, 32;
    %store/vec4 v00000168455e4830_0, 0, 32;
    %jmp T_1.22;
T_1.23 ;
    %end;
    .scope S_000001684564d710;
t_12 %join;
    %load/vec4 v000001684564da30_0;
    %addi 1, 0, 32;
    %store/vec4 v000001684564da30_0, 0, 32;
    %jmp T_1.20;
T_1.21 ;
    %end;
    .scope S_00000168455b2720;
t_10 %join;
    %end;
    .thread T_1;
# The file index is used to find the file name in the following table.
:file_names 3;
    "N/A";
    "<interactive>";
    "Decrypter.v";
