#! /c/Source/iverilog-install/bin/vvp
:ivl_version "12.0 (devel)" "(s20150603-1110-g18392a46)";
:ivl_delay_selection "TYPICAL";
:vpi_time_precision + 0;
:vpi_module "C:\iverilog\lib\ivl\system.vpi";
:vpi_module "C:\iverilog\lib\ivl\vhdl_sys.vpi";
:vpi_module "C:\iverilog\lib\ivl\vhdl_textio.vpi";
:vpi_module "C:\iverilog\lib\ivl\v2005_math.vpi";
:vpi_module "C:\iverilog\lib\ivl\va_math.vpi";
S_000001dc90262720 .scope module, "Encrpter" "Encrpter" 2 1;
 .timescale 0 0;
v000001dc902f5110 .array "ascii_matrix", 2001 0, 7 0;
v000001dc902f51b0_0 .var/i "c", 31 0;
v000001dc902f5250_0 .var/i "determinant", 31 0;
v000001dc902f52f0 .array "encrypted_matrix", 2001 0, 14 0;
v000001dc902f5390_0 .var/i "f_ptr", 31 0;
v000001dc902f5430_0 .var/i "f_ptr1", 31 0;
v000001dc902f54d0_0 .var/i "i", 31 0;
v000001dc902f5570 .array "key_matrix", 3 0, 7 0;
v000001dc90292a50_0 .var/i "len", 31 0;
v000001dc90292730_0 .var/i "temp", 31 0;
v000001dc902924b0_0 .var/i "w_ptr", 31 0;
S_000001dc902628b0 .scope begin, "$ivl_for_loop0" "$ivl_for_loop0" 2 28, 2 28 0, S_000001dc90262720;
 .timescale 0 0;
v000001dc9024bec0_0 .var/i "i", 31 0;
S_000001dc90262a40 .scope begin, "$ivl_for_loop1" "$ivl_for_loop1" 2 29, 2 29 0, S_000001dc902628b0;
 .timescale 0 0;
v000001dc902a3f30_0 .var/i "j", 31 0;
S_000001dc902f4850 .scope begin, "$ivl_for_loop2" "$ivl_for_loop2" 2 45, 2 45 0, S_000001dc90262720;
 .timescale 0 0;
v000001dc902f4c10_0 .var/i "i", 31 0;
S_000001dc902f49e0 .scope begin, "$ivl_for_loop3" "$ivl_for_loop3" 2 46, 2 46 0, S_000001dc902f4850;
 .timescale 0 0;
v000001dc902f4b70_0 .var/i "j", 31 0;
S_000001dc902f4cb0 .scope begin, "$ivl_for_loop4" "$ivl_for_loop4" 2 55, 2 55 0, S_000001dc90262720;
 .timescale 0 0;
v000001dc902f5070_0 .var/i "i", 31 0;
S_000001dc902f4e40 .scope begin, "$ivl_for_loop5" "$ivl_for_loop5" 2 56, 2 56 0, S_000001dc902f4cb0;
 .timescale 0 0;
v000001dc902f4fd0_0 .var/i "k", 31 0;
    .scope S_000001dc90262720;
T_0 ;
    %pushi/vec4 0, 0, 32;
    %store/vec4 v000001dc902f54d0_0, 0, 32;
    %pushi/vec4 0, 0, 32;
    %store/vec4 v000001dc90292730_0, 0, 32;
    %end;
    .thread T_0;
    .scope S_000001dc90262720;
T_1 ;
    %vpi_func 2 17 "$fopen" 32, "./text_files/output.txt", "r" {0 0 0};
    %store/vec4 v000001dc902f5390_0, 0, 32;
    %vpi_func 2 18 "$fopen" 32, "./text_files/inputkey.txt", "r" {0 0 0};
    %store/vec4 v000001dc902f5430_0, 0, 32;
    %vpi_func 2 23 "$fscanf" 32, v000001dc902f5390_0, "%d", v000001dc90292a50_0 {0 0 0};
    %store/vec4 v000001dc902f51b0_0, 0, 32;
    %fork t_1, S_000001dc902628b0;
    %jmp t_0;
    .scope S_000001dc902628b0;
t_1 ;
    %pushi/vec4 0, 0, 32;
    %store/vec4 v000001dc9024bec0_0, 0, 32;
T_1.0 ;
    %load/vec4 v000001dc9024bec0_0;
    %cmpi/s 2, 0, 32;
    %jmp/0xz T_1.1, 5;
    %fork t_3, S_000001dc90262a40;
    %jmp t_2;
    .scope S_000001dc90262a40;
t_3 ;
    %pushi/vec4 0, 0, 32;
    %store/vec4 v000001dc902a3f30_0, 0, 32;
T_1.2 ;
    %load/vec4 v000001dc902a3f30_0;
    %cmpi/s 2, 0, 32;
    %jmp/0xz T_1.3, 5;
    %vpi_func 2 30 "$fscanf" 32, v000001dc902f5430_0, "%d", v000001dc90292730_0 {0 0 0};
    %store/vec4 v000001dc902f51b0_0, 0, 32;
    %load/vec4 v000001dc90292730_0;
    %pad/s 8;
    %load/vec4 v000001dc9024bec0_0;
    %pad/s 34;
    %pad/s 35;
    %muli 2, 0, 35;
    %pad/s 36;
    %load/vec4 v000001dc902a3f30_0;
    %pad/s 36;
    %add;
    %ix/vec4/s 4;
    %store/vec4a v000001dc902f5570, 4, 0;
    %load/vec4 v000001dc902a3f30_0;
    %addi 1, 0, 32;
    %store/vec4 v000001dc902a3f30_0, 0, 32;
    %jmp T_1.2;
T_1.3 ;
    %end;
    .scope S_000001dc902628b0;
t_2 %join;
    %load/vec4 v000001dc9024bec0_0;
    %addi 1, 0, 32;
    %store/vec4 v000001dc9024bec0_0, 0, 32;
    %jmp T_1.0;
T_1.1 ;
    %end;
    .scope S_000001dc90262720;
t_0 %join;
    %ix/load 4, 0, 0;
    %flag_set/imm 4, 0;
    %load/vec4a v000001dc902f5570, 4;
    %pad/u 32;
    %ix/load 4, 3, 0;
    %flag_set/imm 4, 0;
    %load/vec4a v000001dc902f5570, 4;
    %pad/u 32;
    %mul;
    %ix/load 4, 1, 0;
    %flag_set/imm 4, 0;
    %load/vec4a v000001dc902f5570, 4;
    %pad/u 32;
    %ix/load 4, 2, 0;
    %flag_set/imm 4, 0;
    %load/vec4a v000001dc902f5570, 4;
    %pad/u 32;
    %mul;
    %sub;
    %store/vec4 v000001dc902f5250_0, 0, 32;
    %load/vec4 v000001dc902f5250_0;
    %cmpi/e 0, 0, 32;
    %jmp/0xz  T_1.4, 4;
    %vpi_call 2 39 "$display", "Please Choose another Key!" {0 0 0};
    %jmp T_1.5;
T_1.4 ;
    %fork t_5, S_000001dc902f4850;
    %jmp t_4;
    .scope S_000001dc902f4850;
t_5 ;
    %pushi/vec4 0, 0, 32;
    %store/vec4 v000001dc902f4c10_0, 0, 32;
T_1.6 ;
    %load/vec4 v000001dc902f4c10_0;
    %cmpi/s 2, 0, 32;
    %jmp/0xz T_1.7, 5;
    %fork t_7, S_000001dc902f49e0;
    %jmp t_6;
    .scope S_000001dc902f49e0;
t_7 ;
    %pushi/vec4 0, 0, 32;
    %store/vec4 v000001dc902f4b70_0, 0, 32;
T_1.8 ;
    %load/vec4 v000001dc902f4b70_0;
    %load/vec4 v000001dc90292a50_0;
    %pushi/vec4 2, 0, 32;
    %div/s;
    %cmp/s;
    %jmp/0xz T_1.9, 5;
    %vpi_func 2 47 "$fscanf" 32, v000001dc902f5390_0, "%d", v000001dc90292730_0 {0 0 0};
    %store/vec4 v000001dc902f51b0_0, 0, 32;
    %load/vec4 v000001dc90292730_0;
    %pad/s 8;
    %load/vec4 v000001dc902f4c10_0;
    %pad/s 42;
    %pad/s 52;
    %muli 1001, 0, 52;
    %pad/s 53;
    %load/vec4 v000001dc902f4b70_0;
    %pad/s 53;
    %add;
    %ix/vec4/s 4;
    %store/vec4a v000001dc902f5110, 4, 0;
    %load/vec4 v000001dc902f4b70_0;
    %addi 1, 0, 32;
    %store/vec4 v000001dc902f4b70_0, 0, 32;
    %jmp T_1.8;
T_1.9 ;
    %end;
    .scope S_000001dc902f4850;
t_6 %join;
    %load/vec4 v000001dc902f4c10_0;
    %addi 1, 0, 32;
    %store/vec4 v000001dc902f4c10_0, 0, 32;
    %jmp T_1.6;
T_1.7 ;
    %end;
    .scope S_000001dc90262720;
t_4 %join;
    %vpi_func 2 53 "$fopen" 32, "./text_files/encryptedmatrix.txt", "w" {0 0 0};
    %store/vec4 v000001dc902924b0_0, 0, 32;
    %vpi_call 2 54 "$fdisplay", v000001dc902924b0_0, "%0d", v000001dc90292a50_0 {0 0 0};
    %fork t_9, S_000001dc902f4cb0;
    %jmp t_8;
    .scope S_000001dc902f4cb0;
t_9 ;
    %pushi/vec4 0, 0, 32;
    %store/vec4 v000001dc902f5070_0, 0, 32;
T_1.10 ;
    %load/vec4 v000001dc902f5070_0;
    %cmpi/s 2, 0, 32;
    %jmp/0xz T_1.11, 5;
    %fork t_11, S_000001dc902f4e40;
    %jmp t_10;
    .scope S_000001dc902f4e40;
t_11 ;
    %pushi/vec4 0, 0, 32;
    %store/vec4 v000001dc902f4fd0_0, 0, 32;
T_1.12 ;
    %load/vec4 v000001dc902f4fd0_0;
    %load/vec4 v000001dc90292a50_0;
    %pushi/vec4 2, 0, 32;
    %div/s;
    %cmp/s;
    %jmp/0xz T_1.13, 5;
    %ix/getv/s 4, v000001dc902f4fd0_0;
    %load/vec4a v000001dc902f5110, 4;
    %pad/u 15;
    %load/vec4 v000001dc902f5070_0;
    %pad/s 34;
    %pad/s 35;
    %muli 2, 0, 35;
    %ix/vec4/s 4;
    %load/vec4a v000001dc902f5570, 4;
    %pad/u 15;
    %mul;
    %pushi/vec4 1001, 0, 11;
    %pad/s 12;
    %load/vec4 v000001dc902f4fd0_0;
    %pad/s 12;
    %add;
    %ix/vec4/s 4;
    %load/vec4a v000001dc902f5110, 4;
    %pad/u 15;
    %load/vec4 v000001dc902f5070_0;
    %pad/s 34;
    %pad/s 35;
    %muli 2, 0, 35;
    %pad/s 36;
    %pushi/vec4 1, 0, 2;
    %pad/s 36;
    %add;
    %ix/vec4/s 4;
    %load/vec4a v000001dc902f5570, 4;
    %pad/u 15;
    %mul;
    %add;
    %load/vec4 v000001dc902f5070_0;
    %pad/s 42;
    %pad/s 52;
    %muli 1001, 0, 52;
    %pad/s 53;
    %load/vec4 v000001dc902f4fd0_0;
    %pad/s 53;
    %add;
    %ix/vec4/s 4;
    %store/vec4a v000001dc902f52f0, 4, 0;
    %load/vec4 v000001dc902f5070_0;
    %pad/s 42;
    %pad/s 52;
    %muli 1001, 0, 52;
    %pad/s 53;
    %load/vec4 v000001dc902f4fd0_0;
    %pad/s 53;
    %add;
    %ix/vec4/s 4;
    %load/vec4a v000001dc902f52f0, 4;
    %vpi_call 2 58 "$fdisplay", v000001dc902924b0_0, "%0d", S<0,vec4,u15> {1 0 0};
    %load/vec4 v000001dc902f4fd0_0;
    %addi 1, 0, 32;
    %store/vec4 v000001dc902f4fd0_0, 0, 32;
    %jmp T_1.12;
T_1.13 ;
    %end;
    .scope S_000001dc902f4cb0;
t_10 %join;
    %load/vec4 v000001dc902f5070_0;
    %addi 1, 0, 32;
    %store/vec4 v000001dc902f5070_0, 0, 32;
    %jmp T_1.10;
T_1.11 ;
    %end;
    .scope S_000001dc90262720;
t_8 %join;
    %vpi_call 2 61 "$fclose", v000001dc902924b0_0 {0 0 0};
T_1.5 ;
    %vpi_call 2 66 "$fclose", v000001dc902f5390_0 {0 0 0};
    %vpi_call 2 67 "$fclose", v000001dc902f5430_0 {0 0 0};
    %end;
    .thread T_1;
# The file index is used to find the file name in the following table.
:file_names 3;
    "N/A";
    "<interactive>";
    "Encrypter.v";
